<?xml version="1.0" encoding="UTF-8"?>
<!-- Generated by org.testng.reporters.JUnitXMLReporter -->
<testsuite ignored="0" hostname="Umang8267" failures="1" tests="1" name="Test" time="46.688" errors="0" timestamp="2025-02-25T23:16:35 IST">
  <testcase classname="TestCases.LoginUser" name="LoginUsertoNaukriAPk" time="36.816">
    <failure type="java.lang.AssertionError" message="❌ Resume upload failed: Success message not visible! expected [true] but found [false]">
      <![CDATA[java.lang.AssertionError: ❌ Resume upload failed: Success message not visible! expected [true] but found [false]
at pages.profilePage.UpdatingProfileSummary(profilePage.java:78)
at TestCases.LoginUser.LoginUsertoNaukriAPk(LoginUser.java:33)
at java.base/java.util.ArrayList.forEach(ArrayList.java:1511)
... Removed 30 stack frames]]>
    </failure>
  </testcase> <!-- LoginUsertoNaukriAPk -->
</testsuite> <!-- Test -->
